[ 2017-02-12T21:01:09+08:00 ] 127.0.0.1 /cp/index.php/Admin/
INFO: [ app_init ] --START--
INFO: Run Behavior\BuildLiteBehavior [ RunTime:0.000015s ]
INFO: [ app_init ] --END-- [ RunTime:0.000723s ]
INFO: [ app_begin ] --START--
INFO: Run Behavior\ReadHtmlCacheBehavior [ RunTime:0.000836s ]
INFO: [ app_begin ] --END-- [ RunTime:0.000887s ]
NOTIC: [8] Undefined index: mg_id E:\PHPServer\www\cp\Application\Component\AdminController.class.php 第 32 行.
NOTIC: [8192] mysql_connect(): The mysql extension is deprecated and will be removed in the future: use mysqli or PDO instead E:\PHPServer\www\cp\ThinkPHP\Library\Think\Db\Driver\Mysql.class.php 第 52 行.
SQL: select role_auth_ac from manager a join role b on a.mg_role_id=b.role_id where a.mg_id= [ RunTime:0.000204s ]
ERR: 1064:You have an error in your SQL syntax; check the manual that corresponds to your MySQL server version for the right syntax to use near '' at line 1
 [ SQL语句 ] : select role_auth_ac from manager a join role b on a.mg_role_id=b.role_id where a.mg_id=
SQL:  select mg_id from manager  [ RunTime:0.001191s ]
NOTIC: [8] Undefined index: mg_id E:\PHPServer\www\cp\Application\Component\AdminController.class.php 第 55 行.

[ 2017-02-12T21:01:11+08:00 ] 127.0.0.1 /cp/index.php/Admin/Manager/login.html
INFO: [ app_init ] --START--
INFO: Run Behavior\BuildLiteBehavior [ RunTime:0.000012s ]
INFO: [ app_init ] --END-- [ RunTime:0.000329s ]
INFO: [ app_begin ] --START--
INFO: Run Behavior\ReadHtmlCacheBehavior [ RunTime:0.001220s ]
INFO: [ app_begin ] --END-- [ RunTime:0.001288s ]
NOTIC: [8] Undefined index: mg_id E:\PHPServer\www\cp\Application\Component\AdminController.class.php 第 32 行.
NOTIC: [8192] mysql_connect(): The mysql extension is deprecated and will be removed in the future: use mysqli or PDO instead E:\PHPServer\www\cp\ThinkPHP\Library\Think\Db\Driver\Mysql.class.php 第 52 行.
SQL: select role_auth_ac from manager a join role b on a.mg_role_id=b.role_id where a.mg_id= [ RunTime:0.000331s ]
ERR: 1064:You have an error in your SQL syntax; check the manual that corresponds to your MySQL server version for the right syntax to use near '' at line 1
 [ SQL语句 ] : select role_auth_ac from manager a join role b on a.mg_role_id=b.role_id where a.mg_id=
SQL:  select mg_id from manager  [ RunTime:0.000218s ]
INFO: [ view_parse ] --START--
INFO: Run Behavior\ParseTemplateBehavior [ RunTime:0.044985s ]
INFO: [ view_parse ] --END-- [ RunTime:0.045121s ]
INFO: [ view_filter ] --START--
INFO: Run Behavior\WriteHtmlCacheBehavior [ RunTime:0.000744s ]
INFO: [ view_filter ] --END-- [ RunTime:0.000793s ]
INFO: [ template_filter ] --START--
INFO: Run Behavior\ContentReplaceBehavior [ RunTime:0.000069s ]
INFO: [ template_filter ] --END-- [ RunTime:0.000103s ]
INFO: [ app_end ] --START--
INFO: Run Behavior\ShowPageTraceBehavior [ RunTime:0.000768s ]
INFO: [ app_end ] --END-- [ RunTime:0.000807s ]

[ 2017-02-12T21:01:11+08:00 ] 127.0.0.1 /cp/index.php/Admin/Manager/verifyImg
INFO: [ app_init ] --START--
INFO: Run Behavior\BuildLiteBehavior [ RunTime:0.000021s ]
INFO: [ app_init ] --END-- [ RunTime:0.000465s ]
INFO: [ app_begin ] --START--
INFO: Run Behavior\ReadHtmlCacheBehavior [ RunTime:0.001192s ]
INFO: [ app_begin ] --END-- [ RunTime:0.001287s ]
NOTIC: [8] Undefined index: mg_id E:\PHPServer\www\cp\Application\Component\AdminController.class.php 第 32 行.
NOTIC: [8192] mysql_connect(): The mysql extension is deprecated and will be removed in the future: use mysqli or PDO instead E:\PHPServer\www\cp\ThinkPHP\Library\Think\Db\Driver\Mysql.class.php 第 52 行.
SQL: select role_auth_ac from manager a join role b on a.mg_role_id=b.role_id where a.mg_id= [ RunTime:0.000618s ]
ERR: 1064:You have an error in your SQL syntax; check the manual that corresponds to your MySQL server version for the right syntax to use near '' at line 1
 [ SQL语句 ] : select role_auth_ac from manager a join role b on a.mg_role_id=b.role_id where a.mg_id=
SQL:  select mg_id from manager  [ RunTime:0.000436s ]
INFO: [ app_end ] --START--
INFO: Run Behavior\ShowPageTraceBehavior [ RunTime:0.001168s ]
INFO: [ app_end ] --END-- [ RunTime:0.001245s ]

